# JRE version: OpenJDK Runtime Environment (8.0_242-b01) (build 1.8.0_242-release-1644-b01)
# Java VM: OpenJDK 64-Bit Server VM (25.242-b01 mixed mode windows-amd64 compressed oops)
Heap:
 PSYoungGen      total 258560K, used 86864K [0x00000000d5580000, 0x00000000e7680000, 0x0000000100000000)
  eden space 230912K, 28% used [0x00000000d5580000,0x00000000d951fa20,0x00000000e3700000)
  from space 27648K, 78% used [0x00000000e5400000,0x00000000e6934720,0x00000000e6f00000)
  to   space 29696K, 0% used [0x00000000e3700000,0x00000000e3700000,0x00000000e5400000)
 ParOldGen       total 245248K, used 58704K [0x0000000080000000, 0x000000008ef80000, 0x00000000d5580000)
  object space 245248K, 23% used [0x0000000080000000,0x00000000839540f8,0x000000008ef80000)
 Metaspace       used 101633K, capacity 107088K, committed 107340K, reserved 1142784K
  class space    used 13582K, capacity 14683K, committed 14720K, reserved 1048576K
GC Heap History (10 events):
Event: 153.391 GC heap before
{Heap before GC invocations=18 (full 3):
 PSYoungGen      total 195584K, used 195565K [0x00000000d5580000, 0x00000000e2e00000, 0x0000000100000000)
  eden space 175616K, 100% used [0x00000000d5580000,0x00000000e0100000,0x00000000e0100000)
  from space 19968K, 99% used [0x00000000e1880000,0x00000000e2bfb7a0,0x00000000e2c00000)
  to   space 23040K, 0% used [0x00000000e0100000,0x00000000e0100000,0x00000000e1780000)
 ParOldGen       total 166400K, used 31284K [0x0000000080000000, 0x000000008a280000, 0x00000000d5580000)
  object space 166400K, 18% used [0x0000000080000000,0x0000000081e8d1e8,0x000000008a280000)
 Metaspace       used 83808K, capacity 88246K, committed 88536K, reserved 1126400K
  class space    used 11240K, capacity 12166K, committed 12288K, reserved 1048576K
Event: 153.423 GC heap after
Heap after GC invocations=18 (full 3):
 PSYoungGen      total 198656K, used 15739K [0x00000000d5580000, 0x00000000e5080000, 0x0000000100000000)
  eden space 175616K, 0% used [0x00000000d5580000,0x00000000d5580000,0x00000000e0100000)
  from space 23040K, 68% used [0x00000000e0100000,0x00000000e105ef58,0x00000000e1780000)
  to   space 23552K, 0% used [0x00000000e3980000,0x00000000e3980000,0x00000000e5080000)
 ParOldGen       total 166400K, used 45511K [0x0000000080000000, 0x000000008a280000, 0x00000000d5580000)
  object space 166400K, 27% used [0x0000000080000000,0x0000000082c71ed8,0x000000008a280000)
 Metaspace       used 83808K, capacity 88246K, committed 88536K, reserved 1126400K
  class space    used 11240K, capacity 12166K, committed 12288K, reserved 1048576K
}
Event: 157.073 GC heap before
{Heap before GC invocations=19 (full 3):
 PSYoungGen      total 198656K, used 191355K [0x00000000d5580000, 0x00000000e5080000, 0x0000000100000000)
  eden space 175616K, 100% used [0x00000000d5580000,0x00000000e0100000,0x00000000e0100000)
  from space 23040K, 68% used [0x00000000e0100000,0x00000000e105ef58,0x00000000e1780000)
  to   space 23552K, 0% used [0x00000000e3980000,0x00000000e3980000,0x00000000e5080000)
 ParOldGen       total 166400K, used 45511K [0x0000000080000000, 0x000000008a280000, 0x00000000d5580000)
  object space 166400K, 27% used [0x0000000080000000,0x0000000082c71ed8,0x000000008a280000)
 Metaspace       used 90504K, capacity 95124K, committed 95448K, reserved 1132544K
  class space    used 12000K, capacity 12979K, committed 13056K, reserved 1048576K
Event: 157.097 GC heap after
Heap after GC invocations=19 (full 3):
 PSYoungGen      total 229888K, used 19991K [0x00000000d5580000, 0x00000000e5100000, 0x0000000100000000)
  eden space 206336K, 0% used [0x00000000d5580000,0x00000000d5580000,0x00000000e1f00000)
  from space 23552K, 84% used [0x00000000e3980000,0x00000000e4d05e80,0x00000000e5080000)
  to   space 25600K, 0% used [0x00000000e1f00000,0x00000000e1f00000,0x00000000e3800000)
 ParOldGen       total 166400K, used 45519K [0x0000000080000000, 0x000000008a280000, 0x00000000d5580000)
  object space 166400K, 27% used [0x0000000080000000,0x0000000082c73ed8,0x000000008a280000)
 Metaspace       used 90504K, capacity 95124K, committed 95448K, reserved 1132544K
  class space    used 12000K, capacity 12979K, committed 13056K, reserved 1048576K
}
Event: 158.250 GC heap before
{Heap before GC invocations=20 (full 3):
 PSYoungGen      total 229888K, used 103874K [0x00000000d5580000, 0x00000000e5100000, 0x0000000100000000)
  eden space 206336K, 40% used [0x00000000d5580000,0x00000000da76ac88,0x00000000e1f00000)
  from space 23552K, 84% used [0x00000000e3980000,0x00000000e4d05e80,0x00000000e5080000)
  to   space 25600K, 0% used [0x00000000e1f00000,0x00000000e1f00000,0x00000000e3800000)
 ParOldGen       total 166400K, used 45519K [0x0000000080000000, 0x000000008a280000, 0x00000000d5580000)
  object space 166400K, 27% used [0x0000000080000000,0x0000000082c73ed8,0x000000008a280000)
 Metaspace       used 93590K, capacity 98276K, committed 98380K, reserved 1134592K
  class space    used 12390K, capacity 13399K, committed 13440K, reserved 1048576K
Event: 158.281 GC heap after
Heap after GC invocations=20 (full 3):
 PSYoungGen      total 231936K, used 22052K [0x00000000d5580000, 0x00000000e6f00000, 0x0000000100000000)
  eden space 206336K, 0% used [0x00000000d5580000,0x00000000d5580000,0x00000000e1f00000)
  from space 25600K, 86% used [0x00000000e1f00000,0x00000000e34891c0,0x00000000e3800000)
  to   space 27648K, 0% used [0x00000000e5400000,0x00000000e5400000,0x00000000e6f00000)
 ParOldGen       total 166400K, used 45527K [0x0000000080000000, 0x000000008a280000, 0x00000000d5580000)
  object space 166400K, 27% used [0x0000000080000000,0x0000000082c75ed8,0x000000008a280000)
 Metaspace       used 93590K, capacity 98276K, committed 98380K, reserved 1134592K
  class space    used 12390K, capacity 13399K, committed 13440K, reserved 1048576K
}
Event: 158.281 GC heap before
{Heap before GC invocations=21 (full 4):
 PSYoungGen      total 231936K, used 22052K [0x00000000d5580000, 0x00000000e6f00000, 0x0000000100000000)
  eden space 206336K, 0% used [0x00000000d5580000,0x00000000d5580000,0x00000000e1f00000)
  from space 25600K, 86% used [0x00000000e1f00000,0x00000000e34891c0,0x00000000e3800000)
  to   space 27648K, 0% used [0x00000000e5400000,0x00000000e5400000,0x00000000e6f00000)
 ParOldGen       total 166400K, used 45527K [0x0000000080000000, 0x000000008a280000, 0x00000000d5580000)
  object space 166400K, 27% used [0x0000000080000000,0x0000000082c75ed8,0x000000008a280000)
 Metaspace       used 93590K, capacity 98276K, committed 98380K, reserved 1134592K
  class space    used 12390K, capacity 13399K, committed 13440K, reserved 1048576K
Event: 158.625 GC heap after
Heap after GC invocations=21 (full 4):
 PSYoungGen      total 231936K, used 0K [0x00000000d5580000, 0x00000000e6f00000, 0x0000000100000000)
  eden space 206336K, 0% used [0x00000000d5580000,0x00000000d5580000,0x00000000e1f00000)
  from space 25600K, 0% used [0x00000000e1f00000,0x00000000e1f00000,0x00000000e3800000)
  to   space 27648K, 0% used [0x00000000e5400000,0x00000000e5400000,0x00000000e6f00000)
 ParOldGen       total 245248K, used 58696K [0x0000000080000000, 0x000000008ef80000, 0x00000000d5580000)
  object space 245248K, 23% used [0x0000000080000000,0x00000000839520f8,0x000000008ef80000)
 Metaspace       used 93379K, capacity 97650K, committed 98380K, reserved 1134592K
  class space    used 12322K, capacity 13278K, committed 13440K, reserved 1048576K
}
Event: 161.177 GC heap before
{Heap before GC invocations=22 (full 4):
 PSYoungGen      total 231936K, used 206336K [0x00000000d5580000, 0x00000000e6f00000, 0x0000000100000000)
  eden space 206336K, 100% used [0x00000000d5580000,0x00000000e1f00000,0x00000000e1f00000)
  from space 25600K, 0% used [0x00000000e1f00000,0x00000000e1f00000,0x00000000e3800000)
  to   space 27648K, 0% used [0x00000000e5400000,0x00000000e5400000,0x00000000e6f00000)
 ParOldGen       total 245248K, used 58696K [0x0000000080000000, 0x000000008ef80000, 0x00000000d5580000)
  object space 245248K, 23% used [0x0000000080000000,0x00000000839520f8,0x000000008ef80000)
 Metaspace       used 100413K, capacity 105606K, committed 105932K, reserved 1140736K
  class space    used 13430K, capacity 14488K, committed 14592K, reserved 1048576K
Event: 161.211 GC heap after
Heap after GC invocations=22 (full 4):
 PSYoungGen      total 258560K, used 21713K [0x00000000d5580000, 0x00000000e7680000, 0x0000000100000000)
  eden space 230912K, 0% used [0x00000000d5580000,0x00000000d5580000,0x00000000e3700000)
  from space 27648K, 78% used [0x00000000e5400000,0x00000000e6934720,0x00000000e6f00000)
  to   space 29696K, 0% used [0x00000000e3700000,0x00000000e3700000,0x00000000e5400000)
 ParOldGen       total 245248K, used 58704K [0x0000000080000000, 0x000000008ef80000, 0x00000000d5580000)
  object space 245248K, 23% used [0x0000000080000000,0x00000000839540f8,0x000000008ef80000)
 Metaspace       used 100413K, capacity 105606K, committed 105932K, reserved 1140736K
  class space    used 13430K, capacity 14488K, committed 14592K, reserved 1048576K
}

