# JRE version: OpenJDK Runtime Environment (8.0_242-b01) (build 1.8.0_242-release-1644-b01)
# Java VM: OpenJDK 64-Bit Server VM (25.242-b01 mixed mode windows-amd64 compressed oops)
Heap:
 PSYoungGen      total 450048K, used 328928K [0x00000000d5580000, 0x00000000f3480000, 0x0000000100000000)
  eden space 414720K, 76% used [0x00000000d5580000,0x00000000e8ad0678,0x00000000eea80000)
  from space 35328K, 34% used [0x00000000f1200000,0x00000000f1de7af8,0x00000000f3480000)
  to   space 37888K, 0% used [0x00000000eea80000,0x00000000eea80000,0x00000000f0f80000)
 ParOldGen       total 254464K, used 52537K [0x0000000080000000, 0x000000008f880000, 0x00000000d5580000)
  object space 254464K, 20% used [0x0000000080000000,0x000000008334e508,0x000000008f880000)
 Metaspace       used 95231K, capacity 100044K, committed 102552K, reserved 1138688K
  class space    used 12392K, capacity 13278K, committed 14000K, reserved 1048576K
GC Heap History (10 events):
Event: 617.484 GC heap before
{Heap before GC invocations=36 (full 4):
 PSYoungGen      total 368640K, used 347135K [0x00000000d5580000, 0x00000000f0d80000, 0x0000000100000000)
  eden space 325632K, 100% used [0x00000000d5580000,0x00000000e9380000,0x00000000e9380000)
  from space 43008K, 49% used [0x00000000e9380000,0x00000000ea87ff30,0x00000000ebd80000)
  to   space 40960K, 0% used [0x00000000ee580000,0x00000000ee580000,0x00000000f0d80000)
 ParOldGen       total 254464K, used 52513K [0x0000000080000000, 0x000000008f880000, 0x00000000d5580000)
  object space 254464K, 20% used [0x0000000080000000,0x0000000083348508,0x000000008f880000)
 Metaspace       used 94568K, capacity 99370K, committed 102040K, reserved 1136640K
  class space    used 12373K, capacity 13223K, committed 14000K, reserved 1048576K
Event: 617.512 GC heap after
Heap after GC invocations=36 (full 4):
 PSYoungGen      total 411136K, used 21554K [0x00000000d5580000, 0x00000000f1000000, 0x0000000100000000)
  eden space 370176K, 0% used [0x00000000d5580000,0x00000000d5580000,0x00000000ebf00000)
  from space 40960K, 52% used [0x00000000ee580000,0x00000000efa8cb08,0x00000000f0d80000)
  to   space 39424K, 0% used [0x00000000ebf00000,0x00000000ebf00000,0x00000000ee580000)
 ParOldGen       total 254464K, used 52513K [0x0000000080000000, 0x000000008f880000, 0x00000000d5580000)
  object space 254464K, 20% used [0x0000000080000000,0x0000000083348508,0x000000008f880000)
 Metaspace       used 94568K, capacity 99370K, committed 102040K, reserved 1136640K
  class space    used 12373K, capacity 13223K, committed 14000K, reserved 1048576K
}
Event: 618.128 GC heap before
{Heap before GC invocations=37 (full 4):
 PSYoungGen      total 411136K, used 391730K [0x00000000d5580000, 0x00000000f1000000, 0x0000000100000000)
  eden space 370176K, 100% used [0x00000000d5580000,0x00000000ebf00000,0x00000000ebf00000)
  from space 40960K, 52% used [0x00000000ee580000,0x00000000efa8cb08,0x00000000f0d80000)
  to   space 39424K, 0% used [0x00000000ebf00000,0x00000000ebf00000,0x00000000ee580000)
 ParOldGen       total 254464K, used 52513K [0x0000000080000000, 0x000000008f880000, 0x00000000d5580000)
  object space 254464K, 20% used [0x0000000080000000,0x0000000083348508,0x000000008f880000)
 Metaspace       used 94601K, capacity 99374K, committed 102040K, reserved 1136640K
  class space    used 12373K, capacity 13223K, committed 14000K, reserved 1048576K
Event: 618.151 GC heap after
Heap after GC invocations=37 (full 4):
 PSYoungGen      total 409600K, used 26426K [0x00000000d5580000, 0x00000000f3880000, 0x0000000100000000)
  eden space 370176K, 0% used [0x00000000d5580000,0x00000000d5580000,0x00000000ebf00000)
  from space 39424K, 67% used [0x00000000ebf00000,0x00000000ed8cebc8,0x00000000ee580000)
  to   space 39424K, 0% used [0x00000000f1200000,0x00000000f1200000,0x00000000f3880000)
 ParOldGen       total 254464K, used 52521K [0x0000000080000000, 0x000000008f880000, 0x00000000d5580000)
  object space 254464K, 20% used [0x0000000080000000,0x000000008334a508,0x000000008f880000)
 Metaspace       used 94601K, capacity 99374K, committed 102040K, reserved 1136640K
  class space    used 12373K, capacity 13223K, committed 14000K, reserved 1048576K
}
Event: 619.083 GC heap before
{Heap before GC invocations=38 (full 4):
 PSYoungGen      total 409600K, used 396602K [0x00000000d5580000, 0x00000000f3880000, 0x0000000100000000)
  eden space 370176K, 100% used [0x00000000d5580000,0x00000000ebf00000,0x00000000ebf00000)
  from space 39424K, 67% used [0x00000000ebf00000,0x00000000ed8cebc8,0x00000000ee580000)
  to   space 39424K, 0% used [0x00000000f1200000,0x00000000f1200000,0x00000000f3880000)
 ParOldGen       total 254464K, used 52521K [0x0000000080000000, 0x000000008f880000, 0x00000000d5580000)
  object space 254464K, 20% used [0x0000000080000000,0x000000008334a508,0x000000008f880000)
 Metaspace       used 94607K, capacity 99374K, committed 102040K, reserved 1136640K
  class space    used 12373K, capacity 13223K, committed 14000K, reserved 1048576K
Event: 619.111 GC heap after
Heap after GC invocations=38 (full 4):
 PSYoungGen      total 450048K, used 23528K [0x00000000d5580000, 0x00000000f3480000, 0x0000000100000000)
  eden space 414720K, 0% used [0x00000000d5580000,0x00000000d5580000,0x00000000eea80000)
  from space 35328K, 66% used [0x00000000f1200000,0x00000000f28fa200,0x00000000f3480000)
  to   space 37888K, 0% used [0x00000000eea80000,0x00000000eea80000,0x00000000f0f80000)
 ParOldGen       total 254464K, used 52529K [0x0000000080000000, 0x000000008f880000, 0x00000000d5580000)
  object space 254464K, 20% used [0x0000000080000000,0x000000008334c508,0x000000008f880000)
 Metaspace       used 94607K, capacity 99374K, committed 102040K, reserved 1136640K
  class space    used 12373K, capacity 13223K, committed 14000K, reserved 1048576K
}
Event: 620.136 GC heap before
{Heap before GC invocations=39 (full 4):
 PSYoungGen      total 450048K, used 438248K [0x00000000d5580000, 0x00000000f3480000, 0x0000000100000000)
  eden space 414720K, 100% used [0x00000000d5580000,0x00000000eea80000,0x00000000eea80000)
  from space 35328K, 66% used [0x00000000f1200000,0x00000000f28fa200,0x00000000f3480000)
  to   space 37888K, 0% used [0x00000000eea80000,0x00000000eea80000,0x00000000f0f80000)
 ParOldGen       total 254464K, used 52529K [0x0000000080000000, 0x000000008f880000, 0x00000000d5580000)
  object space 254464K, 20% used [0x0000000080000000,0x000000008334c508,0x000000008f880000)
 Metaspace       used 94611K, capacity 99438K, committed 102040K, reserved 1136640K
  class space    used 12373K, capacity 13223K, committed 14000K, reserved 1048576K
Event: 620.166 GC heap after
Heap after GC invocations=39 (full 4):
 PSYoungGen      total 452608K, used 23147K [0x00000000d5580000, 0x00000000f3480000, 0x0000000100000000)
  eden space 414720K, 0% used [0x00000000d5580000,0x00000000d5580000,0x00000000eea80000)
  from space 37888K, 61% used [0x00000000eea80000,0x00000000f011af18,0x00000000f0f80000)
  to   space 35328K, 0% used [0x00000000f1200000,0x00000000f1200000,0x00000000f3480000)
 ParOldGen       total 254464K, used 52529K [0x0000000080000000, 0x000000008f880000, 0x00000000d5580000)
  object space 254464K, 20% used [0x0000000080000000,0x000000008334c508,0x000000008f880000)
 Metaspace       used 94611K, capacity 99438K, committed 102040K, reserved 1136640K
  class space    used 12373K, capacity 13223K, committed 14000K, reserved 1048576K
}
Event: 621.482 GC heap before
{Heap before GC invocations=40 (full 4):
 PSYoungGen      total 452608K, used 437867K [0x00000000d5580000, 0x00000000f3480000, 0x0000000100000000)
  eden space 414720K, 100% used [0x00000000d5580000,0x00000000eea80000,0x00000000eea80000)
  from space 37888K, 61% used [0x00000000eea80000,0x00000000f011af18,0x00000000f0f80000)
  to   space 35328K, 0% used [0x00000000f1200000,0x00000000f1200000,0x00000000f3480000)
 ParOldGen       total 254464K, used 52529K [0x0000000080000000, 0x000000008f880000, 0x00000000d5580000)
  object space 254464K, 20% used [0x0000000080000000,0x000000008334c508,0x000000008f880000)
 Metaspace       used 94657K, capacity 99442K, committed 102040K, reserved 1136640K
  class space    used 12373K, capacity 13223K, committed 14000K, reserved 1048576K
Event: 621.501 GC heap after
Heap after GC invocations=40 (full 4):
 PSYoungGen      total 450048K, used 12190K [0x00000000d5580000, 0x00000000f3480000, 0x0000000100000000)
  eden space 414720K, 0% used [0x00000000d5580000,0x00000000d5580000,0x00000000eea80000)
  from space 35328K, 34% used [0x00000000f1200000,0x00000000f1de7af8,0x00000000f3480000)
  to   space 37888K, 0% used [0x00000000eea80000,0x00000000eea80000,0x00000000f0f80000)
 ParOldGen       total 254464K, used 52537K [0x0000000080000000, 0x000000008f880000, 0x00000000d5580000)
  object space 254464K, 20% used [0x0000000080000000,0x000000008334e508,0x000000008f880000)
 Metaspace       used 94657K, capacity 99442K, committed 102040K, reserved 1136640K
  class space    used 12373K, capacity 13223K, committed 14000K, reserved 1048576K
}

